D:\VS2012_PROJECRS\GENIUS\GENIUS\DEBUG\LOG.OBJ
D:\VS2012_PROJECRS\GENIUS\GENIUS\DEBUG\MAIN.OBJ
D:\VS2012_PROJECRS\GENIUS\GENIUS\DEBUG\VC110.PDB
D:\VS2012_PROJECRS\GENIUS\GENIUS\DEBUG\MACROS.OBJ
D:\VS2012_PROJECRS\GENIUS\GENIUS\DEBUG\VEC2.OBJ
D:\VS2012_PROJECRS\GENIUS\DEBUG\GENIUS.ILK
D:\VS2012_PROJECRS\GENIUS\DEBUG\GENIUS.EXE
D:\VS2012_PROJECRS\GENIUS\DEBUG\GENIUS.PDB
D:\VS2012_projecrs\Genius\Genius\Debug\log.obj
D:\VS2012_projecrs\Genius\Genius\Debug\macros.obj
D:\VS2012_projecrs\Genius\Genius\Debug\main.obj
D:\VS2012_projecrs\Genius\Genius\Debug\vec2.obj
D:\VS2012_projecrs\Genius\Genius\Debug\cl.command.1.tlog
D:\VS2012_projecrs\Genius\Genius\Debug\CL.read.1.tlog
D:\VS2012_projecrs\Genius\Genius\Debug\CL.write.1.tlog
D:\VS2012_projecrs\Genius\Genius\Debug\link-cvtres.read.1.tlog
D:\VS2012_projecrs\Genius\Genius\Debug\link-cvtres.write.1.tlog
D:\VS2012_projecrs\Genius\Genius\Debug\link-rc.read.1.tlog
D:\VS2012_projecrs\Genius\Genius\Debug\link-rc.write.1.tlog
D:\VS2012_projecrs\Genius\Genius\Debug\link.1788-cvtres.read.1.tlog
D:\VS2012_projecrs\Genius\Genius\Debug\link.1788-cvtres.write.1.tlog
D:\VS2012_projecrs\Genius\Genius\Debug\link.1788-rc.read.1.tlog
D:\VS2012_projecrs\Genius\Genius\Debug\link.1788-rc.write.1.tlog
D:\VS2012_projecrs\Genius\Genius\Debug\link.1788.read.1.tlog
D:\VS2012_projecrs\Genius\Genius\Debug\link.1788.write.1.tlog
D:\VS2012_projecrs\Genius\Genius\Debug\link.3940-cvtres.read.1.tlog
D:\VS2012_projecrs\Genius\Genius\Debug\link.3940-cvtres.write.1.tlog
D:\VS2012_projecrs\Genius\Genius\Debug\link.3940-rc.read.1.tlog
D:\VS2012_projecrs\Genius\Genius\Debug\link.3940-rc.write.1.tlog
D:\VS2012_projecrs\Genius\Genius\Debug\link.3940.read.1.tlog
D:\VS2012_projecrs\Genius\Genius\Debug\link.3940.write.1.tlog
D:\VS2012_projecrs\Genius\Genius\Debug\link.command.1.tlog
D:\VS2012_projecrs\Genius\Genius\Debug\link.read.1.tlog
D:\VS2012_projecrs\Genius\Genius\Debug\link.write.1.tlog
D:\VS2012_projecrs\Genius\Genius\Debug\vc110.idb
D:\VS2012_projecrs\Genius\Genius\Debug\vc110.pdb
D:\VS2012_projecrs\Genius\Debug\Genius.pdb
D:\VS2012_projecrs\Genius\Debug\Genius.exe
D:\VS2012_projecrs\Genius\Debug\Genius.ilk
